0 info it worked if it ends with ok
1 verbose cli [ 'C:\\Program Files\\nodejs\\node.exe',
1 verbose cli   'C:\\Program Files\\nodejs\\node_modules\\npm\\bin\\npm-cli.js',
1 verbose cli   'start' ]
2 info using npm@4.1.2
3 info using node@v7.7.4
4 verbose run-script [ 'prestart', 'start', 'poststart' ]
5 info lifecycle product-management@1.1.0~prestart: product-management@1.1.0
6 verbose lifecycle product-management@1.1.0~prestart: unsafe-perm in lifecycle true
7 verbose lifecycle product-management@1.1.0~prestart: PATH: C:\Program Files\nodejs\node_modules\npm\bin\node-gyp-bin;F:\Angular2\Deborahk\APM\node_modules\.bin;C:\Users\Sudham\bin;C:\Program Files\Git\mingw32\bin;C:\Program Files\Git\usr\local\bin;C:\Program Files\Git\usr\bin;C:\Program Files\Git\usr\bin;C:\Program Files\Git\mingw32\bin;C:\Program Files\Git\usr\bin;C:\Users\Sudham\bin;C:\WINDOWS\system32;C:\WINDOWS;C:\WINDOWS\System32\Wbem;C:\WINDOWS\System32\WindowsPowerShell\v1.0;C:\Program Files\nodejs;C:\Users\Sudham\AppData\Local\Microsoft\WindowsApps;C:\Program Files\Microsoft VS Code\bin;C:\Users\Sudham\AppData\Roaming\npm;C:\Program Files\Git\usr\bin\vendor_perl;C:\Program Files\Git\usr\bin\core_perl
8 verbose lifecycle product-management@1.1.0~prestart: CWD: F:\Angular2\Deborahk\APM
9 silly lifecycle product-management@1.1.0~prestart: Args: [ '/d /s /c', 'npm run build' ]
10 silly lifecycle product-management@1.1.0~prestart: Returned: code: 1  signal: null
11 info lifecycle product-management@1.1.0~prestart: Failed to exec prestart script
12 verbose stack Error: product-management@1.1.0 prestart: `npm run build`
12 verbose stack Exit status 1
12 verbose stack     at EventEmitter.<anonymous> (C:\Program Files\nodejs\node_modules\npm\lib\utils\lifecycle.js:279:16)
12 verbose stack     at emitTwo (events.js:106:13)
12 verbose stack     at EventEmitter.emit (events.js:194:7)
12 verbose stack     at ChildProcess.<anonymous> (C:\Program Files\nodejs\node_modules\npm\lib\utils\spawn.js:40:14)
12 verbose stack     at emitTwo (events.js:106:13)
12 verbose stack     at ChildProcess.emit (events.js:194:7)
12 verbose stack     at maybeClose (internal/child_process.js:899:16)
12 verbose stack     at Process.ChildProcess._handle.onexit (internal/child_process.js:226:5)
13 verbose pkgid product-management@1.1.0
14 verbose cwd F:\Angular2\Deborahk\APM\src
15 error Windows_NT 10.0.14393
16 error argv "C:\\Program Files\\nodejs\\node.exe" "C:\\Program Files\\nodejs\\node_modules\\npm\\bin\\npm-cli.js" "start"
17 error node v7.7.4
18 error npm  v4.1.2
19 error code ELIFECYCLE
20 error product-management@1.1.0 prestart: `npm run build`
20 error Exit status 1
21 error Failed at the product-management@1.1.0 prestart script 'npm run build'.
21 error Make sure you have the latest version of node.js and npm installed.
21 error If you do, this is most likely a problem with the product-management package,
21 error not with npm itself.
21 error Tell the author that this fails on your system:
21 error     npm run build
21 error You can get information on how to open an issue for this project with:
21 error     npm bugs product-management
21 error Or if that isn't available, you can get their info via:
21 error     npm owner ls product-management
21 error There is likely additional logging output above.
22 verbose exit [ 1, true ]
